#
# There is insufficient memory for the Java Runtime Environment to continue.
# Native memory allocation (malloc) failed to allocate 1660976 bytes for Chunk::new
# Possible reasons:
#   The system is out of physical RAM or swap space
#   In 32 bit mode, the process size limit was hit
# Possible solutions:
#   Reduce memory load on the system
#   Increase physical memory or swap space
#   Check if swap backing store is full
#   Use 64 bit Java on a 64 bit OS
#   Decrease Java heap size (-Xmx/-Xms)
#   Decrease number of Java threads
#   Decrease Java thread stack sizes (-Xss)
#   Set larger code cache with -XX:ReservedCodeCacheSize=
# This output file may be truncated or incomplete.
#
#  Out of Memory Error (allocation.cpp:390), pid=12320, tid=9736
#
# JRE version: Java(TM) SE Runtime Environment (8.0_20-b26) (build 1.8.0_20-b26)
# Java VM: Java HotSpot(TM) 64-Bit Server VM (25.20-b23 mixed mode windows-amd64 compressed oops)
# Failed to write core dump. Minidumps are not enabled by default on client versions of Windows
#

---------------  T H R E A D  ---------------

Current thread (0x000000001b1d1800):  JavaThread "C2 CompilerThread1" daemon [_thread_in_native, id=9736, stack(0x000000001b7a0000,0x000000001b8a0000)]

Stack: [0x000000001b7a0000,0x000000001b8a0000]
Native frames: (J=compiled Java code, j=interpreted, Vv=VM code, C=native code)
V  [jvm.dll+0x3152fa]
V  [jvm.dll+0x265d03]
V  [jvm.dll+0x266943]
V  [jvm.dll+0x25e265]
V  [jvm.dll+0xbe255]
V  [jvm.dll+0xbe6fc]
V  [jvm.dll+0x45c472]
V  [jvm.dll+0x49d76f]
V  [jvm.dll+0x451045]
V  [jvm.dll+0x452634]
V  [jvm.dll+0x435fc2]
V  [jvm.dll+0x97b62]
V  [jvm.dll+0x98353]
V  [jvm.dll+0x22aac4]
V  [jvm.dll+0x283f5a]
C  [msvcr100.dll+0x21d9f]
C  [msvcr100.dll+0x21e3b]
C  [KERNEL32.DLL+0x11fe4]
C  [ntdll.dll+0x6f061]


Current CompileTask:
C2:   1463 1819       4       java.net.URLClassLoader$1::run (5 bytes)


---------------  P R O C E S S  ---------------

Java Threads: ( => current thread )
  0x000000001b25e000 JavaThread "Service Thread" daemon [_thread_blocked, id=8856, stack(0x000000001b9a0000,0x000000001baa0000)]
  0x000000001b1d3000 JavaThread "C1 CompilerThread2" daemon [_thread_blocked, id=472, stack(0x000000001b8a0000,0x000000001b9a0000)]
=>0x000000001b1d1800 JavaThread "C2 CompilerThread1" daemon [_thread_in_native, id=9736, stack(0x000000001b7a0000,0x000000001b8a0000)]
  0x000000001b1ce000 JavaThread "C2 CompilerThread0" daemon [_thread_blocked, id=2728, stack(0x000000001b6a0000,0x000000001b7a0000)]
  0x000000001b1cc800 JavaThread "Monitor Ctrl-Break" daemon [_thread_in_native, id=5512, stack(0x000000001b5a0000,0x000000001b6a0000)]
  0x0000000019b5b800 JavaThread "Attach Listener" daemon [_thread_blocked, id=6284, stack(0x000000001b0a0000,0x000000001b1a0000)]
  0x0000000019bae800 JavaThread "Signal Dispatcher" daemon [_thread_blocked, id=3480, stack(0x000000001afa0000,0x000000001b0a0000)]
  0x0000000005025800 JavaThread "Finalizer" daemon [_thread_blocked, id=10716, stack(0x000000001ada0000,0x000000001aea0000)]
  0x000000000501b800 JavaThread "Reference Handler" daemon [_thread_blocked, id=16928, stack(0x000000001aca0000,0x000000001ada0000)]
  0x00000000007fd800 JavaThread "main" [_thread_blocked, id=9060, stack(0x0000000004cc0000,0x0000000004dc0000)]

Other Threads:
  0x0000000019b15800 VMThread [stack: 0x000000001aba0000,0x000000001aca0000] [id=17044]
  0x000000001b273800 WatcherThread [stack: 0x000000001baa0000,0x000000001bba0000] [id=10928]

VM state:at safepoint (normal execution)

VM Mutex/Monitor currently owned by a thread:  ([mutex/lock_event])
[0x00000000007fd2c0] Threads_lock - owner thread: 0x0000000019b15800
[0x00000000007fcbc0] Heap_lock - owner thread: 0x00000000007fd800

Heap:
 PSYoungGen      total 38400K, used 38399K [0x00000000d5f80000, 0x00000000d8a00000, 0x0000000100000000)
  eden space 33280K, 100% used [0x00000000d5f80000,0x00000000d8000000,0x00000000d8000000)
  from space 5120K, 99% used [0x00000000d8500000,0x00000000d89ffca0,0x00000000d8a00000)
  to   space 5120K, 99% used [0x00000000d8000000,0x00000000d84fa040,0x00000000d8500000)
 ParOldGen       total 87552K, used 3604K [0x0000000081e00000, 0x0000000087380000, 0x00000000d5f80000)
  object space 87552K, 4% used [0x0000000081e00000,0x00000000821850f8,0x0000000087380000)
 Metaspace       used 15102K, capacity 15394K, committed 15616K, reserved 1062912K
  class space    used 1854K, capacity 1941K, committed 2048K, reserved 1048576K

Card table byte_map: [0x00000000143f0000,0x00000000147f0000] byte_map_base: 0x0000000013fe1000

Marking Bits: (ParMarkBitMap*) 0x00000000608db460
 Begin Bits: [0x0000000014ea0000, 0x0000000016e28000)
 End Bits:   [0x0000000016e28000, 0x0000000018db0000)

Polling page: 0x0000000002ff0000

CodeCache: size=245760Kb used=5999Kb max_used=6009Kb free=239760Kb
 bounds [0x0000000005030000, 0x0000000005620000, 0x0000000014030000]
 total_blobs=2220 nmethods=1878 adapters=255
 compilation: enabled

Compilation events (10 events):
Event: 1.450 Thread 0x000000001b1d3000 1871       3       org.apache.maven.model.merge.ModelMerger::mergeConfigurationContainer_Inherited (43 bytes)
Event: 1.451 Thread 0x000000001b1d3000 nmethod 1871 0x000000000560c0d0 code [0x000000000560c2a0, 0x000000000560cdf8]
Event: 1.451 Thread 0x000000001b1d3000 1874       3       java.util.ArrayList::clear (39 bytes)
Event: 1.451 Thread 0x000000001b1d3000 nmethod 1874 0x000000000560d290 code [0x000000000560d400, 0x000000000560d770]
Event: 1.451 Thread 0x000000001b1d3000 1873  s    3       java.util.Vector::indexOf (67 bytes)
Event: 1.451 Thread 0x000000001b1d3000 nmethod 1873 0x000000000560d8d0 code [0x000000000560da80, 0x000000000560e128]
Event: 1.451 Thread 0x000000001b1d3000 1872       3       java.util.Vector::contains (15 bytes)
Event: 1.451 Thread 0x000000001b1d3000 nmethod 1872 0x000000000560e3d0 code [0x000000000560e540, 0x000000000560e7a8]
Event: 1.451 Thread 0x000000001b1d3000 1875       3       java.util.Stack::push (7 bytes)
Event: 1.451 Thread 0x000000001b1d3000 nmethod 1875 0x000000000560e850 code [0x000000000560e9c0, 0x000000000560ebe8]

GC Heap History (4 events):
Event: 0.543 GC heap before
{Heap before GC invocations=1 (full 0):
 PSYoungGen      total 38400K, used 33280K [0x00000000d5f80000, 0x00000000d8a00000, 0x0000000100000000)
  eden space 33280K, 100% used [0x00000000d5f80000,0x00000000d8000000,0x00000000d8000000)
  from space 5120K, 0% used [0x00000000d8500000,0x00000000d8500000,0x00000000d8a00000)
  to   space 5120K, 0% used [0x00000000d8000000,0x00000000d8000000,0x00000000d8500000)
 ParOldGen       total 87552K, used 0K [0x0000000081e00000, 0x0000000087380000, 0x00000000d5f80000)
  object space 87552K, 0% used [0x0000000081e00000,0x0000000081e00000,0x0000000087380000)
 Metaspace       used 8064K, capacity 8264K, committed 8576K, reserved 1056768K
  class space    used 991K, capacity 1052K, committed 1152K, reserved 1048576K
Event: 0.548 GC heap after
Heap after GC invocations=1 (full 0):
 PSYoungGen      total 38400K, used 4853K [0x00000000d5f80000, 0x00000000d8a00000, 0x0000000100000000)
  eden space 33280K, 0% used [0x00000000d5f80000,0x00000000d5f80000,0x00000000d8000000)
  from space 5120K, 94% used [0x00000000d8000000,0x00000000d84bd550,0x00000000d8500000)
  to   space 5120K, 0% used [0x00000000d8500000,0x00000000d8500000,0x00000000d8a00000)
 ParOldGen       total 87552K, used 8K [0x0000000081e00000, 0x0000000087380000, 0x00000000d5f80000)
  object space 87552K, 0% used [0x0000000081e00000,0x0000000081e02000,0x0000000087380000)
 Metaspace       used 8064K, capacity 8264K, committed 8576K, reserved 1056768K
  class space    used 991K, capacity 1052K, committed 1152K, reserved 1048576K
}
Event: 0.878 GC heap before
{Heap before GC invocations=2 (full 0):
 PSYoungGen      total 38400K, used 38133K [0x00000000d5f80000, 0x00000000d8a00000, 0x0000000100000000)
  eden space 33280K, 100% used [0x00000000d5f80000,0x00000000d8000000,0x00000000d8000000)
  from space 5120K, 94% used [0x00000000d8000000,0x00000000d84bd550,0x00000000d8500000)
  to   space 5120K, 0% used [0x00000000d8500000,0x00000000d8500000,0x00000000d8a00000)
 ParOldGen       total 87552K, used 8K [0x0000000081e00000, 0x0000000087380000, 0x00000000d5f80000)
  object space 87552K, 0% used [0x0000000081e00000,0x0000000081e02000,0x0000000087380000)
 Metaspace       used 11288K, capacity 11542K, committed 11776K, reserved 1058816K
  class space    used 1405K, capacity 1481K, committed 1536K, reserved 1048576K
Event: 0.883 GC heap after
Heap after GC invocations=2 (full 0):
 PSYoungGen      total 38400K, used 5119K [0x00000000d5f80000, 0x00000000d8a00000, 0x0000000100000000)
  eden space 33280K, 0% used [0x00000000d5f80000,0x00000000d5f80000,0x00000000d8000000)
  from space 5120K, 99% used [0x00000000d8500000,0x00000000d89ffca0,0x00000000d8a00000)
  to   space 5120K, 0% used [0x00000000d8000000,0x00000000d8000000,0x00000000d8500000)
 ParOldGen       total 87552K, used 1267K [0x0000000081e00000, 0x0000000087380000, 0x00000000d5f80000)
  object space 87552K, 1% used [0x0000000081e00000,0x0000000081f3ce70,0x0000000087380000)
 Metaspace       used 11288K, capacity 11542K, committed 11776K, reserved 1058816K
  class space    used 1405K, capacity 1481K, committed 1536K, reserved 1048576K
}

Deoptimization events (8 events):
Event: 0.468 Thread 0x00000000007fd800 Uncommon trap: reason=range_check action=make_not_entrant pc=0x000000000529c260 method=sun.reflect.generics.parser.SignatureParser.current()C @ 34
Event: 0.985 Thread 0x00000000007fd800 Uncommon trap: reason=bimorphic action=maybe_recompile pc=0x000000000539ca74 method=java.util.HashMap.putVal(ILjava/lang/Object;Ljava/lang/Object;ZZ)Ljava/lang/Object; @ 203
Event: 0.985 Thread 0x00000000007fd800 Uncommon trap: reason=bimorphic action=maybe_recompile pc=0x000000000539ca74 method=java.util.HashMap.putVal(ILjava/lang/Object;Ljava/lang/Object;ZZ)Ljava/lang/Object; @ 203
Event: 1.057 Thread 0x00000000007fd800 Uncommon trap: reason=bimorphic action=maybe_recompile pc=0x000000000539ca74 method=java.util.HashMap.putVal(ILjava/lang/Object;Ljava/lang/Object;ZZ)Ljava/lang/Object; @ 203
Event: 1.057 Thread 0x00000000007fd800 Uncommon trap: reason=bimorphic action=maybe_recompile pc=0x000000000539ca74 method=java.util.HashMap.putVal(ILjava/lang/Object;Ljava/lang/Object;ZZ)Ljava/lang/Object; @ 203
Event: 1.057 Thread 0x00000000007fd800 Uncommon trap: reason=bimorphic action=maybe_recompile pc=0x00000000053a41b0 method=java.util.HashMap.putVal(ILjava/lang/Object;Ljava/lang/Object;ZZ)Ljava/lang/Object; @ 203
Event: 1.152 Thread 0x00000000007fd800 Uncommon trap: reason=null_check action=make_not_entrant pc=0x00000000051e76dc method=java.lang.String.equals(Ljava/lang/Object;)Z @ 8
Event: 1.409 Thread 0x00000000007fd800 Uncommon trap: reason=unreached action=reinterpret pc=0x00000000052fd6b0 method=java.util.HashMap.hash(Ljava/lang/Object;)I @ 1

Internal exceptions (10 events):
Event: 1.440 Thread 0x00000000007fd800 Exception <a 'java/security/PrivilegedActionException'> (0x00000000d7f0b470) thrown at [D:\re\workspace\8-2-build-windows-amd64-cygwin\jdk8u20\1074\hotspot\src\share\vm\prims\jvm.cpp, line 1275]
Event: 1.440 Thread 0x00000000007fd800 Exception <a 'java/security/PrivilegedActionException'> (0x00000000d7f0c040) thrown at [D:\re\workspace\8-2-build-windows-amd64-cygwin\jdk8u20\1074\hotspot\src\share\vm\prims\jvm.cpp, line 1275]
Event: 1.440 Thread 0x00000000007fd800 Exception <a 'java/security/PrivilegedActionException'> (0x00000000d7f10b40) thrown at [D:\re\workspace\8-2-build-windows-amd64-cygwin\jdk8u20\1074\hotspot\src\share\vm\prims\jvm.cpp, line 1275]
Event: 1.440 Thread 0x00000000007fd800 Exception <a 'java/security/PrivilegedActionException'> (0x00000000d7f11678) thrown at [D:\re\workspace\8-2-build-windows-amd64-cygwin\jdk8u20\1074\hotspot\src\share\vm\prims\jvm.cpp, line 1275]
Event: 1.441 Thread 0x00000000007fd800 Exception <a 'java/security/PrivilegedActionException'> (0x00000000d7f16910) thrown at [D:\re\workspace\8-2-build-windows-amd64-cygwin\jdk8u20\1074\hotspot\src\share\vm\prims\jvm.cpp, line 1275]
Event: 1.441 Thread 0x00000000007fd800 Exception <a 'java/security/PrivilegedActionException'> (0x00000000d7f17418) thrown at [D:\re\workspace\8-2-build-windows-amd64-cygwin\jdk8u20\1074\hotspot\src\share\vm\prims\jvm.cpp, line 1275]
Event: 1.441 Thread 0x00000000007fd800 Exception <a 'java/security/PrivilegedActionException'> (0x00000000d7f1c9b8) thrown at [D:\re\workspace\8-2-build-windows-amd64-cygwin\jdk8u20\1074\hotspot\src\share\vm\prims\jvm.cpp, line 1275]
Event: 1.441 Thread 0x00000000007fd800 Exception <a 'java/security/PrivilegedActionException'> (0x00000000d7f1d580) thrown at [D:\re\workspace\8-2-build-windows-amd64-cygwin\jdk8u20\1074\hotspot\src\share\vm\prims\jvm.cpp, line 1275]
Event: 1.451 Thread 0x00000000007fd800 Exception <a 'java/security/PrivilegedActionException'> (0x00000000d7fcbe80) thrown at [D:\re\workspace\8-2-build-windows-amd64-cygwin\jdk8u20\1074\hotspot\src\share\vm\prims\jvm.cpp, line 1275]
Event: 1.451 Thread 0x00000000007fd800 Exception <a 'java/security/PrivilegedActionException'> (0x00000000d7fcc9c8) thrown at [D:\re\workspace\8-2-build-windows-amd64-cygwin\jdk8u20\1074\hotspot\src\share\vm\prims\jvm.cpp, line 1275]

Events (10 events):
Event: 1.440 loading class org/eclipse/aether/internal/impl/DataPool$ConstraintKey done
Event: 1.441 loading class org/eclipse/aether/internal/impl/DataPool$Constraint
Event: 1.441 loading class org/eclipse/aether/internal/impl/DataPool$Constraint done
Event: 1.441 loading class org/eclipse/aether/internal/impl/DataPool$Constraint$VersionRepo
Event: 1.441 loading class org/eclipse/aether/internal/impl/DataPool$Constraint$VersionRepo done
Event: 1.444 loading class java/util/ArrayList$1
Event: 1.444 loading class java/util/ArrayList$1 done
Event: 1.451 loading class org/eclipse/aether/internal/impl/DataPool$GoodDescriptor
Event: 1.451 loading class org/eclipse/aether/internal/impl/DataPool$GoodDescriptor done
Event: 1.452 loading class org/eclipse/aether/internal/impl/DataPool$Descriptor


Dynamic libraries:
0x00007ff6b7b20000 - 0x00007ff6b7b54000 	D:\webServer\jdk1.8\bin\java.exe
0x00007ff8bd9e0000 - 0x00007ff8bdbc0000 	C:\WINDOWS\SYSTEM32\ntdll.dll
0x00007ff8bbf10000 - 0x00007ff8bbfbe000 	C:\WINDOWS\System32\KERNEL32.DLL
0x00007ff8b9ec0000 - 0x00007ff8ba126000 	C:\WINDOWS\System32\KERNELBASE.dll
0x00007ff8bbb30000 - 0x00007ff8bbbd1000 	C:\WINDOWS\System32\ADVAPI32.dll
0x00007ff8bb680000 - 0x00007ff8bb71d000 	C:\WINDOWS\System32\msvcrt.dll
0x00007ff8bae90000 - 0x00007ff8baeeb000 	C:\WINDOWS\System32\sechost.dll
0x00007ff8bb720000 - 0x00007ff8bb83f000 	C:\WINDOWS\System32\RPCRT4.dll
0x00007ff8bd7a0000 - 0x00007ff8bd92f000 	C:\WINDOWS\System32\USER32.dll
0x00007ff8bae70000 - 0x00007ff8bae90000 	C:\WINDOWS\System32\win32u.dll
0x00007ff8bb990000 - 0x00007ff8bb9b8000 	C:\WINDOWS\System32\GDI32.dll
0x00007ff8bacd0000 - 0x00007ff8bae63000 	C:\WINDOWS\System32\gdi32full.dll
0x00007ff8b9e20000 - 0x00007ff8b9ebb000 	C:\WINDOWS\System32\msvcp_win.dll
0x00007ff8baad0000 - 0x00007ff8babc6000 	C:\WINDOWS\System32\ucrtbase.dll
0x00007ff8b28e0000 - 0x00007ff8b2b49000 	C:\WINDOWS\WinSxS\amd64_microsoft.windows.common-controls_6595b64144ccf1df_6.0.16299.431_none_15c7d3ee93659e73\COMCTL32.dll
0x00007ff8bbbe0000 - 0x00007ff8bbee8000 	C:\WINDOWS\System32\combase.dll
0x00007ff8ba130000 - 0x00007ff8ba1a2000 	C:\WINDOWS\System32\bcryptPrimitives.dll
0x00007ff8bc040000 - 0x00007ff8bc06d000 	C:\WINDOWS\System32\IMM32.DLL
0x0000000060960000 - 0x0000000060a32000 	D:\webServer\jdk1.8\jre\bin\msvcr100.dll
0x0000000060100000 - 0x0000000060958000 	D:\webServer\jdk1.8\jre\bin\server\jvm.dll
0x00007ff8bd640000 - 0x00007ff8bd648000 	C:\WINDOWS\System32\PSAPI.DLL
0x00007ff8b4d70000 - 0x00007ff8b4d79000 	C:\WINDOWS\SYSTEM32\WSOCK32.dll
0x00007ff8b0460000 - 0x00007ff8b0483000 	C:\WINDOWS\SYSTEM32\WINMM.dll
0x00007ff8bbfd0000 - 0x00007ff8bc03c000 	C:\WINDOWS\System32\WS2_32.dll
0x00007ff8b0400000 - 0x00007ff8b042a000 	C:\WINDOWS\SYSTEM32\WINMMBASE.dll
0x00007ff8babd0000 - 0x00007ff8bac1a000 	C:\WINDOWS\System32\cfgmgr32.dll
0x0000000061ce0000 - 0x0000000061cef000 	D:\webServer\jdk1.8\jre\bin\verify.dll
0x0000000061cb0000 - 0x0000000061cd8000 	D:\webServer\jdk1.8\jre\bin\java.dll
0x000000005feb0000 - 0x000000005fed3000 	D:\webServer\jdk1.8\jre\bin\instrument.dll
0x0000000061c90000 - 0x0000000061ca6000 	D:\webServer\jdk1.8\jre\bin\zip.dll
0x00007ff8bc200000 - 0x00007ff8bd638000 	C:\WINDOWS\System32\SHELL32.dll
0x00007ff8bd650000 - 0x00007ff8bd6f6000 	C:\WINDOWS\System32\shcore.dll
0x00007ff8ba1b0000 - 0x00007ff8ba8f7000 	C:\WINDOWS\System32\windows.storage.dll
0x00007ff8bbad0000 - 0x00007ff8bbb21000 	C:\WINDOWS\System32\shlwapi.dll
0x00007ff8b9d50000 - 0x00007ff8b9d61000 	C:\WINDOWS\System32\kernel.appcore.dll
0x00007ff8b9d70000 - 0x00007ff8b9dbc000 	C:\WINDOWS\System32\powrprof.dll
0x00007ff8b9d10000 - 0x00007ff8b9d2b000 	C:\WINDOWS\System32\profapi.dll
0x00007ff8b4b80000 - 0x00007ff8b4b9a000 	D:\Program Files\JetBrains\IntelliJ IDEA 2017.2.1\bin\breakgen64.dll
0x00000000600e0000 - 0x00000000600fa000 	D:\webServer\jdk1.8\jre\bin\net.dll
0x00007ff8b9510000 - 0x00007ff8b9576000 	C:\WINDOWS\system32\mswsock.dll
0x00000000600c0000 - 0x00000000600d1000 	D:\webServer\jdk1.8\jre\bin\nio.dll
0x00007ff8b5470000 - 0x00007ff8b5638000 	C:\WINDOWS\SYSTEM32\dbghelp.dll

VM Arguments:
jvm_args: -Dmaven.multiModuleProjectDirectory=F:\ideaProject\ydjw\ydjw-modules\ydjw-census -Dmaven.home=D:\Program Files\JetBrains\IntelliJ IDEA 2017.2.1\plugins\maven\lib\maven3 -Dclassworlds.conf=D:\Program Files\JetBrains\IntelliJ IDEA 2017.2.1\plugins\maven\lib\maven3\bin\m2.conf -javaagent:D:\Program Files\JetBrains\IntelliJ IDEA 2017.2.1\lib\idea_rt.jar=64878:D:\Program Files\JetBrains\IntelliJ IDEA 2017.2.1\bin -Dfile.encoding=UTF-8 
java_command: org.codehaus.classworlds.Launcher -Didea.version=2017.2.1 clean
java_class_path (initial): D:\Program Files\JetBrains\IntelliJ IDEA 2017.2.1\plugins\maven\lib\maven3\boot\plexus-classworlds-2.5.2.jar;D:\Program Files\JetBrains\IntelliJ IDEA 2017.2.1\lib\idea_rt.jar
Launcher Type: SUN_STANDARD

Environment Variables:
JAVA_HOME=D:\webServer\jdk1.8
CLASSPATH=.;D:\webServer\jdk1.8\bin;D:\webServer\jdk1.8\lib\dt.jar;D:\webServer\jdk1.8\lib\tools.jar
PATH=C:\ProgramData\Oracle\Java\javapath;C:\WINDOWS\system32;C:\WINDOWS;C:\WINDOWS\System32\Wbem;C:\WINDOWS\System32\WindowsPowerShell\v1.0\;D:\webServer\jdk1.8\bin;D:\webServer\jdk1.8\jre\bin;D:\webServer\apache-maven-3.3.9-bin\bin;D:\webServer\nodejs\;D:\webServer\gradle\bin;D:\webServer\tools;%ANDROID_HOME%\platform-tools;E:\phantomjs-1.9.2-windows;G:\casperjs-1.1.4-1\casperjs-1.1.4-1\bin;C:\Program Files\Git\cmd;C:\Users\Administrator\AppData\Local\Programs\Python\Python35;C:\Users\Administrator\AppData\Local\Programs\Python\Python35\Scripts;D:\mysql5.5.59\bin;C:\Users\Administrator\AppData\Local\Microsoft\WindowsApps;C:\Users\Administrator\AppData\Roaming\npm;C:\Users\Administrator\AppData\Local\Programs\Fiddler;C:\Users\Administrator\AppData\Local\Microsoft\WindowsApps;D:\webServer\apache-maven-3.3.9\bin;
USERNAME=Administrator
OS=Windows_NT
PROCESSOR_IDENTIFIER=Intel64 Family 6 Model 60 Stepping 3, GenuineIntel



---------------  S Y S T E M  ---------------

OS: Windows 8.1 , 64 bit Build 9600 

CPU:total 4 (4 cores per cpu, 1 threads per core) family 6 model 60 stepping 3, cmov, cx8, fxsr, mmx, sse, sse2, sse3, ssse3, sse4.1, sse4.2, popcnt, avx, avx2, aes, clmul, erms, lzcnt, tsc, tscinvbit, bmi1, bmi2

Memory: 4k page, physical 8263696k(1712456k free), swap 12195980k(4432k free)

vm_info: Java HotSpot(TM) 64-Bit Server VM (25.20-b23) for windows-amd64 JRE (1.8.0_20-b26), built on Jul 30 2014 13:51:23 by "java_re" with MS VC++ 10.0 (VS2010)

time: Tue May 22 18:12:50 2018
elapsed time: 1 seconds (0d 0h 0m 1s)

