#
# There is insufficient memory for the Java Runtime Environment to continue.
# Native memory allocation (malloc) failed to allocate 1660976 bytes for Chunk::new
# Possible reasons:
#   The system is out of physical RAM or swap space
#   In 32 bit mode, the process size limit was hit
# Possible solutions:
#   Reduce memory load on the system
#   Increase physical memory or swap space
#   Check if swap backing store is full
#   Use 64 bit Java on a 64 bit OS
#   Decrease Java heap size (-Xmx/-Xms)
#   Decrease number of Java threads
#   Decrease Java thread stack sizes (-Xss)
#   Set larger code cache with -XX:ReservedCodeCacheSize=
# This output file may be truncated or incomplete.
#
#  Out of Memory Error (allocation.cpp:390), pid=13408, tid=7480
#
# JRE version: Java(TM) SE Runtime Environment (8.0_20-b26) (build 1.8.0_20-b26)
# Java VM: Java HotSpot(TM) 64-Bit Server VM (25.20-b23 mixed mode windows-amd64 compressed oops)
# Failed to write core dump. Minidumps are not enabled by default on client versions of Windows
#

---------------  T H R E A D  ---------------

Current thread (0x000000001aa5d800):  JavaThread "C2 CompilerThread0" daemon [_thread_in_native, id=7480, stack(0x000000001af30000,0x000000001b030000)]

Stack: [0x000000001af30000,0x000000001b030000]
Native frames: (J=compiled Java code, j=interpreted, Vv=VM code, C=native code)
V  [jvm.dll+0x3152fa]


Current CompileTask:
C2:   1413 1810       4       java.net.URLClassLoader$1::run (5 bytes)


---------------  P R O C E S S  ---------------

Java Threads: ( => current thread )
  0x000000001aaf6000 JavaThread "Service Thread" daemon [_thread_blocked, id=7484, stack(0x000000001b230000,0x000000001b330000)]
  0x000000001aa63000 JavaThread "C1 CompilerThread2" daemon [_thread_blocked, id=12272, stack(0x000000001b130000,0x000000001b230000)]
  0x000000001aa61800 JavaThread "C2 CompilerThread1" daemon [_thread_blocked, id=7072, stack(0x000000001b030000,0x000000001b130000)]
=>0x000000001aa5d800 JavaThread "C2 CompilerThread0" daemon [_thread_in_native, id=7480, stack(0x000000001af30000,0x000000001b030000)]
  0x000000001aa5c000 JavaThread "Monitor Ctrl-Break" daemon [_thread_in_native, id=10060, stack(0x000000001ae30000,0x000000001af30000)]
  0x00000000193df000 JavaThread "Attach Listener" daemon [_thread_blocked, id=10996, stack(0x000000001a930000,0x000000001aa30000)]
  0x00000000193c9800 JavaThread "Signal Dispatcher" daemon [_thread_blocked, id=14008, stack(0x000000001a830000,0x000000001a930000)]
  0x00000000048a5800 JavaThread "Finalizer" daemon [_thread_blocked, id=6696, stack(0x000000001a630000,0x000000001a730000)]
  0x000000000489b800 JavaThread "Reference Handler" daemon [_thread_blocked, id=7684, stack(0x000000001a530000,0x000000001a630000)]
  0x00000000041ad800 JavaThread "main" [_thread_blocked, id=4544, stack(0x0000000004560000,0x0000000004660000)]

Other Threads:
  0x0000000019395800 VMThread [stack: 0x000000001a430000,0x000000001a530000] [id=14616]
  0x000000001ab01000 WatcherThread [stack: 0x000000001b330000,0x000000001b430000] [id=16520]

VM state:at safepoint (normal execution)

VM Mutex/Monitor currently owned by a thread:  ([mutex/lock_event])
[0x00000000041ac940] Threads_lock - owner thread: 0x0000000019395800
[0x00000000041ad540] Heap_lock - owner thread: 0x00000000041ad800

Heap:
 PSYoungGen      total 38400K, used 38392K [0x00000000d5f80000, 0x00000000d8a00000, 0x0000000100000000)
  eden space 33280K, 100% used [0x00000000d5f80000,0x00000000d8000000,0x00000000d8000000)
  from space 5120K, 99% used [0x00000000d8500000,0x00000000d89fe2c0,0x00000000d8a00000)
  to   space 5120K, 68% used [0x00000000d8000000,0x00000000d8372040,0x00000000d8500000)
 ParOldGen       total 87552K, used 1151K [0x0000000081e00000, 0x0000000087380000, 0x00000000d5f80000)
  object space 87552K, 1% used [0x0000000081e00000,0x0000000081f1ff38,0x0000000087380000)
 Metaspace       used 15018K, capacity 15324K, committed 15616K, reserved 1062912K
  class space    used 1843K, capacity 1940K, committed 2048K, reserved 1048576K

Card table byte_map: [0x0000000013c70000,0x0000000014070000] byte_map_base: 0x0000000013861000

Marking Bits: (ParMarkBitMap*) 0x00000000608db460
 Begin Bits: [0x0000000014720000, 0x00000000166a8000)
 End Bits:   [0x00000000166a8000, 0x0000000018630000)

Polling page: 0x0000000002980000

CodeCache: size=245760Kb used=5950Kb max_used=5950Kb free=239809Kb
 bounds [0x00000000048b0000, 0x0000000004e90000, 0x00000000138b0000]
 total_blobs=2176 nmethods=1835 adapters=254
 compilation: enabled

Compilation events (10 events):
Event: 1.380 Thread 0x000000001aa63000 nmethod 1832 0x0000000004e70550 code [0x0000000004e706a0, 0x0000000004e707d0]
Event: 1.380 Thread 0x000000001aa63000 1830       3       java.util.concurrent.locks.AbstractQueuedSynchronizer::acquireSharedInterruptibly (28 bytes)
Event: 1.380 Thread 0x000000001aa63000 nmethod 1830 0x0000000004e6fe10 code [0x0000000004e6ffc0, 0x0000000004e703d8]
Event: 1.380 Thread 0x000000001aa63000 1831       3       com.google.common.util.concurrent.AbstractFuture$Sync::getValue (105 bytes)
Event: 1.380 Thread 0x000000001aa61800 nmethod 1834 0x0000000004e6e650 code [0x0000000004e6e780, 0x0000000004e6e878]
Event: 1.380 Thread 0x000000001aa63000 nmethod 1831 0x0000000004e6f050 code [0x0000000004e6f240, 0x0000000004e6fa98]
Event: 1.387 Thread 0x000000001aa63000 1835       3       java.util.Properties$LineReader::readLine (468 bytes)
Event: 1.388 Thread 0x000000001aa63000 nmethod 1835 0x0000000004e78e10 code [0x0000000004e790c0, 0x0000000004e7aa68]
Event: 1.402 Thread 0x000000001aa63000 1836       3       org.codehaus.plexus.util.xml.pull.MXParser::parseAttribute (1641 bytes)
Event: 1.404 Thread 0x000000001aa61800 1839       4       org.codehaus.plexus.util.xml.pull.MXParser::getText (125 bytes)

GC Heap History (5 events):
Event: 0.540 GC heap before
{Heap before GC invocations=1 (full 0):
 PSYoungGen      total 38400K, used 33280K [0x00000000d5f80000, 0x00000000d8a00000, 0x0000000100000000)
  eden space 33280K, 100% used [0x00000000d5f80000,0x00000000d8000000,0x00000000d8000000)
  from space 5120K, 0% used [0x00000000d8500000,0x00000000d8500000,0x00000000d8a00000)
  to   space 5120K, 0% used [0x00000000d8000000,0x00000000d8000000,0x00000000d8500000)
 ParOldGen       total 87552K, used 0K [0x0000000081e00000, 0x0000000087380000, 0x00000000d5f80000)
  object space 87552K, 0% used [0x0000000081e00000,0x0000000081e00000,0x0000000087380000)
 Metaspace       used 8049K, capacity 8200K, committed 8320K, reserved 1056768K
  class space    used 989K, capacity 1052K, committed 1152K, reserved 1048576K
Event: 0.544 GC heap after
Heap after GC invocations=1 (full 0):
 PSYoungGen      total 38400K, used 4819K [0x00000000d5f80000, 0x00000000d8a00000, 0x0000000100000000)
  eden space 33280K, 0% used [0x00000000d5f80000,0x00000000d5f80000,0x00000000d8000000)
  from space 5120K, 94% used [0x00000000d8000000,0x00000000d84b4ea8,0x00000000d8500000)
  to   space 5120K, 0% used [0x00000000d8500000,0x00000000d8500000,0x00000000d8a00000)
 ParOldGen       total 87552K, used 8K [0x0000000081e00000, 0x0000000087380000, 0x00000000d5f80000)
  object space 87552K, 0% used [0x0000000081e00000,0x0000000081e02000,0x0000000087380000)
 Metaspace       used 8049K, capacity 8200K, committed 8320K, reserved 1056768K
  class space    used 989K, capacity 1052K, committed 1152K, reserved 1048576K
}
Event: 0.875 GC heap before
{Heap before GC invocations=2 (full 0):
 PSYoungGen      total 38400K, used 38099K [0x00000000d5f80000, 0x00000000d8a00000, 0x0000000100000000)
  eden space 33280K, 100% used [0x00000000d5f80000,0x00000000d8000000,0x00000000d8000000)
  from space 5120K, 94% used [0x00000000d8000000,0x00000000d84b4ea8,0x00000000d8500000)
  to   space 5120K, 0% used [0x00000000d8500000,0x00000000d8500000,0x00000000d8a00000)
 ParOldGen       total 87552K, used 8K [0x0000000081e00000, 0x0000000087380000, 0x00000000d5f80000)
  object space 87552K, 0% used [0x0000000081e00000,0x0000000081e02000,0x0000000087380000)
 Metaspace       used 11183K, capacity 11478K, committed 11776K, reserved 1058816K
  class space    used 1393K, capacity 1481K, committed 1536K, reserved 1048576K
Event: 0.883 GC heap after
Heap after GC invocations=2 (full 0):
 PSYoungGen      total 38400K, used 5112K [0x00000000d5f80000, 0x00000000d8a00000, 0x0000000100000000)
  eden space 33280K, 0% used [0x00000000d5f80000,0x00000000d5f80000,0x00000000d8000000)
  from space 5120K, 99% used [0x00000000d8500000,0x00000000d89fe2c0,0x00000000d8a00000)
  to   space 5120K, 0% used [0x00000000d8000000,0x00000000d8000000,0x00000000d8500000)
 ParOldGen       total 87552K, used 1143K [0x0000000081e00000, 0x0000000087380000, 0x00000000d5f80000)
  object space 87552K, 1% used [0x0000000081e00000,0x0000000081f1df38,0x0000000087380000)
 Metaspace       used 11183K, capacity 11478K, committed 11776K, reserved 1058816K
  class space    used 1393K, capacity 1481K, committed 1536K, reserved 1048576K
}
Event: 1.406 GC heap before
{Heap before GC invocations=3 (full 0):
 PSYoungGen      total 38400K, used 38392K [0x00000000d5f80000, 0x00000000d8a00000, 0x0000000100000000)
  eden space 33280K, 100% used [0x00000000d5f80000,0x00000000d8000000,0x00000000d8000000)
  from space 5120K, 99% used [0x00000000d8500000,0x00000000d89fe2c0,0x00000000d8a00000)
  to   space 5120K, 0% used [0x00000000d8000000,0x00000000d8000000,0x00000000d8500000)
 ParOldGen       total 87552K, used 1143K [0x0000000081e00000, 0x0000000087380000, 0x00000000d5f80000)
  object space 87552K, 1% used [0x0000000081e00000,0x0000000081f1df38,0x0000000087380000)
 Metaspace       used 15018K, capacity 15324K, committed 15616K, reserved 1062912K
  class space    used 1843K, capacity 1940K, committed 2048K, reserved 1048576K

Deoptimization events (9 events):
Event: 0.466 Thread 0x00000000041ad800 Uncommon trap: reason=range_check action=make_not_entrant pc=0x0000000004b1f260 method=sun.reflect.generics.parser.SignatureParser.current()C @ 34
Event: 1.006 Thread 0x00000000041ad800 Uncommon trap: reason=bimorphic action=maybe_recompile pc=0x0000000004c192c8 method=java.util.HashMap.putVal(ILjava/lang/Object;Ljava/lang/Object;ZZ)Ljava/lang/Object; @ 203
Event: 1.006 Thread 0x00000000041ad800 Uncommon trap: reason=bimorphic action=maybe_recompile pc=0x0000000004c192c8 method=java.util.HashMap.putVal(ILjava/lang/Object;Ljava/lang/Object;ZZ)Ljava/lang/Object; @ 203
Event: 1.076 Thread 0x00000000041ad800 Uncommon trap: reason=bimorphic action=maybe_recompile pc=0x0000000004c192c8 method=java.util.HashMap.putVal(ILjava/lang/Object;Ljava/lang/Object;ZZ)Ljava/lang/Object; @ 203
Event: 1.076 Thread 0x00000000041ad800 Uncommon trap: reason=bimorphic action=maybe_recompile pc=0x0000000004c192c8 method=java.util.HashMap.putVal(ILjava/lang/Object;Ljava/lang/Object;ZZ)Ljava/lang/Object; @ 203
Event: 1.076 Thread 0x00000000041ad800 Uncommon trap: reason=bimorphic action=maybe_recompile pc=0x0000000004c20d84 method=java.util.HashMap.putVal(ILjava/lang/Object;Ljava/lang/Object;ZZ)Ljava/lang/Object; @ 203
Event: 1.169 Thread 0x00000000041ad800 Uncommon trap: reason=null_check action=make_not_entrant pc=0x0000000004a6971c method=java.lang.String.equals(Ljava/lang/Object;)Z @ 8
Event: 1.377 Thread 0x00000000041ad800 Uncommon trap: reason=unreached action=reinterpret pc=0x0000000004b90c30 method=java.util.HashMap.hash(Ljava/lang/Object;)I @ 1
Event: 1.378 Thread 0x00000000041ad800 Uncommon trap: reason=unreached action=reinterpret pc=0x0000000004bd07e8 method=java.util.HashMap.hash(Ljava/lang/Object;)I @ 1

Internal exceptions (10 events):
Event: 1.375 Thread 0x00000000041ad800 Exception <a 'java/security/PrivilegedActionException'> (0x00000000d7e8eb48) thrown at [D:\re\workspace\8-2-build-windows-amd64-cygwin\jdk8u20\1074\hotspot\src\share\vm\prims\jvm.cpp, line 1275]
Event: 1.375 Thread 0x00000000041ad800 Exception <a 'java/security/PrivilegedActionException'> (0x00000000d7e8f5d0) thrown at [D:\re\workspace\8-2-build-windows-amd64-cygwin\jdk8u20\1074\hotspot\src\share\vm\prims\jvm.cpp, line 1275]
Event: 1.375 Thread 0x00000000041ad800 Exception <a 'java/security/PrivilegedActionException'> (0x00000000d7e9a910) thrown at [D:\re\workspace\8-2-build-windows-amd64-cygwin\jdk8u20\1074\hotspot\src\share\vm\prims\jvm.cpp, line 1275]
Event: 1.375 Thread 0x00000000041ad800 Exception <a 'java/security/PrivilegedActionException'> (0x00000000d7e9b4b0) thrown at [D:\re\workspace\8-2-build-windows-amd64-cygwin\jdk8u20\1074\hotspot\src\share\vm\prims\jvm.cpp, line 1275]
Event: 1.376 Thread 0x00000000041ad800 Exception <a 'java/security/PrivilegedActionException'> (0x00000000d7ea9f40) thrown at [D:\re\workspace\8-2-build-windows-amd64-cygwin\jdk8u20\1074\hotspot\src\share\vm\prims\jvm.cpp, line 1275]
Event: 1.376 Thread 0x00000000041ad800 Exception <a 'java/security/PrivilegedActionException'> (0x00000000d7eaaac8) thrown at [D:\re\workspace\8-2-build-windows-amd64-cygwin\jdk8u20\1074\hotspot\src\share\vm\prims\jvm.cpp, line 1275]
Event: 1.376 Thread 0x00000000041ad800 Exception <a 'java/security/PrivilegedActionException'> (0x00000000d7eb2ac0) thrown at [D:\re\workspace\8-2-build-windows-amd64-cygwin\jdk8u20\1074\hotspot\src\share\vm\prims\jvm.cpp, line 1275]
Event: 1.376 Thread 0x00000000041ad800 Exception <a 'java/security/PrivilegedActionException'> (0x00000000d7eb3548) thrown at [D:\re\workspace\8-2-build-windows-amd64-cygwin\jdk8u20\1074\hotspot\src\share\vm\prims\jvm.cpp, line 1275]
Event: 1.377 Thread 0x00000000041ad800 Implicit null exception at 0x0000000004b90a55 to 0x0000000004b90c21
Event: 1.378 Thread 0x00000000041ad800 Implicit null exception at 0x0000000004bd076f to 0x0000000004bd07d9

Events (10 events):
Event: 1.376 loading class org/codehaus/plexus/component/repository/ComponentDependency done
Event: 1.376 loading class org/apache/maven/plugin/MavenPluginValidator
Event: 1.376 loading class org/apache/maven/plugin/MavenPluginValidator done
Event: 1.377 Thread 0x00000000041ad800 Uncommon trap: trap_request=0xffffffad fr.pc=0x0000000004b90c30
Event: 1.377 Thread 0x00000000041ad800 DEOPT PACKING pc=0x0000000004b90c30 sp=0x000000000465e200
Event: 1.377 Thread 0x00000000041ad800 DEOPT UNPACKING pc=0x00000000048f556a sp=0x000000000465e148 mode 2
Event: 1.378 Thread 0x00000000041ad800 Uncommon trap: trap_request=0xffffffad fr.pc=0x0000000004bd07e8
Event: 1.378 Thread 0x00000000041ad800 DEOPT PACKING pc=0x0000000004bd07e8 sp=0x000000000465e1a0
Event: 1.378 Thread 0x00000000041ad800 DEOPT UNPACKING pc=0x00000000048f556a sp=0x000000000465e140 mode 2
Event: 1.406 Executing VM operation: ParallelGCFailedAllocation


Dynamic libraries:
0x00007ff6b7b20000 - 0x00007ff6b7b54000 	D:\webServer\jdk1.8\bin\java.exe
0x00007ff8bd9e0000 - 0x00007ff8bdbc0000 	C:\WINDOWS\SYSTEM32\ntdll.dll
0x00007ff8bbf10000 - 0x00007ff8bbfbe000 	C:\WINDOWS\System32\KERNEL32.DLL
0x00007ff8b9ec0000 - 0x00007ff8ba126000 	C:\WINDOWS\System32\KERNELBASE.dll
0x00007ff8bbb30000 - 0x00007ff8bbbd1000 	C:\WINDOWS\System32\ADVAPI32.dll
0x00007ff8bb680000 - 0x00007ff8bb71d000 	C:\WINDOWS\System32\msvcrt.dll
0x00007ff8bae90000 - 0x00007ff8baeeb000 	C:\WINDOWS\System32\sechost.dll
0x00007ff8bb720000 - 0x00007ff8bb83f000 	C:\WINDOWS\System32\RPCRT4.dll
0x00007ff8bd7a0000 - 0x00007ff8bd92f000 	C:\WINDOWS\System32\USER32.dll
0x00007ff8bae70000 - 0x00007ff8bae90000 	C:\WINDOWS\System32\win32u.dll
0x00007ff8bb990000 - 0x00007ff8bb9b8000 	C:\WINDOWS\System32\GDI32.dll
0x00007ff8bacd0000 - 0x00007ff8bae63000 	C:\WINDOWS\System32\gdi32full.dll
0x00007ff8b9e20000 - 0x00007ff8b9ebb000 	C:\WINDOWS\System32\msvcp_win.dll
0x00007ff8baad0000 - 0x00007ff8babc6000 	C:\WINDOWS\System32\ucrtbase.dll
0x00007ff8b28e0000 - 0x00007ff8b2b49000 	C:\WINDOWS\WinSxS\amd64_microsoft.windows.common-controls_6595b64144ccf1df_6.0.16299.431_none_15c7d3ee93659e73\COMCTL32.dll
0x00007ff8bbbe0000 - 0x00007ff8bbee8000 	C:\WINDOWS\System32\combase.dll
0x00007ff8ba130000 - 0x00007ff8ba1a2000 	C:\WINDOWS\System32\bcryptPrimitives.dll
0x00007ff8bc040000 - 0x00007ff8bc06d000 	C:\WINDOWS\System32\IMM32.DLL
0x0000000060960000 - 0x0000000060a32000 	D:\webServer\jdk1.8\jre\bin\msvcr100.dll
0x0000000060100000 - 0x0000000060958000 	D:\webServer\jdk1.8\jre\bin\server\jvm.dll
0x00007ff8bd640000 - 0x00007ff8bd648000 	C:\WINDOWS\System32\PSAPI.DLL
0x00007ff8b4d70000 - 0x00007ff8b4d79000 	C:\WINDOWS\SYSTEM32\WSOCK32.dll
0x00007ff8bbfd0000 - 0x00007ff8bc03c000 	C:\WINDOWS\System32\WS2_32.dll
0x00007ff8b0460000 - 0x00007ff8b0483000 	C:\WINDOWS\SYSTEM32\WINMM.dll
0x00007ff8b0400000 - 0x00007ff8b042a000 	C:\WINDOWS\SYSTEM32\WINMMBASE.dll
0x00007ff8babd0000 - 0x00007ff8bac1a000 	C:\WINDOWS\System32\cfgmgr32.dll
0x0000000061ce0000 - 0x0000000061cef000 	D:\webServer\jdk1.8\jre\bin\verify.dll
0x0000000061cb0000 - 0x0000000061cd8000 	D:\webServer\jdk1.8\jre\bin\java.dll
0x000000005feb0000 - 0x000000005fed3000 	D:\webServer\jdk1.8\jre\bin\instrument.dll
0x0000000061c90000 - 0x0000000061ca6000 	D:\webServer\jdk1.8\jre\bin\zip.dll
0x00007ff8bc200000 - 0x00007ff8bd638000 	C:\WINDOWS\System32\SHELL32.dll
0x00007ff8bd650000 - 0x00007ff8bd6f6000 	C:\WINDOWS\System32\shcore.dll
0x00007ff8ba1b0000 - 0x00007ff8ba8f7000 	C:\WINDOWS\System32\windows.storage.dll
0x00007ff8bbad0000 - 0x00007ff8bbb21000 	C:\WINDOWS\System32\shlwapi.dll
0x00007ff8b9d50000 - 0x00007ff8b9d61000 	C:\WINDOWS\System32\kernel.appcore.dll
0x00007ff8b9d70000 - 0x00007ff8b9dbc000 	C:\WINDOWS\System32\powrprof.dll
0x00007ff8b9d10000 - 0x00007ff8b9d2b000 	C:\WINDOWS\System32\profapi.dll
0x00007ff8b4b80000 - 0x00007ff8b4b9a000 	D:\Program Files\JetBrains\IntelliJ IDEA 2017.2.1\bin\breakgen64.dll
0x00000000600e0000 - 0x00000000600fa000 	D:\webServer\jdk1.8\jre\bin\net.dll
0x00007ff8b9510000 - 0x00007ff8b9576000 	C:\WINDOWS\system32\mswsock.dll
0x00000000600c0000 - 0x00000000600d1000 	D:\webServer\jdk1.8\jre\bin\nio.dll

VM Arguments:
jvm_args: -Dmaven.multiModuleProjectDirectory=F:\ideaProject\ydjw\ydjw-modules\ydjw-census -Dmaven.home=D:\Program Files\JetBrains\IntelliJ IDEA 2017.2.1\plugins\maven\lib\maven3 -Dclassworlds.conf=D:\Program Files\JetBrains\IntelliJ IDEA 2017.2.1\plugins\maven\lib\maven3\bin\m2.conf -javaagent:D:\Program Files\JetBrains\IntelliJ IDEA 2017.2.1\lib\idea_rt.jar=64888:D:\Program Files\JetBrains\IntelliJ IDEA 2017.2.1\bin -Dfile.encoding=UTF-8 
java_command: org.codehaus.classworlds.Launcher -Didea.version=2017.2.1 install
java_class_path (initial): D:\Program Files\JetBrains\IntelliJ IDEA 2017.2.1\plugins\maven\lib\maven3\boot\plexus-classworlds-2.5.2.jar;D:\Program Files\JetBrains\IntelliJ IDEA 2017.2.1\lib\idea_rt.jar
Launcher Type: SUN_STANDARD

Environment Variables:
JAVA_HOME=D:\webServer\jdk1.8
CLASSPATH=.;D:\webServer\jdk1.8\bin;D:\webServer\jdk1.8\lib\dt.jar;D:\webServer\jdk1.8\lib\tools.jar
PATH=C:\ProgramData\Oracle\Java\javapath;C:\WINDOWS\system32;C:\WINDOWS;C:\WINDOWS\System32\Wbem;C:\WINDOWS\System32\WindowsPowerShell\v1.0\;D:\webServer\jdk1.8\bin;D:\webServer\jdk1.8\jre\bin;D:\webServer\apache-maven-3.3.9-bin\bin;D:\webServer\nodejs\;D:\webServer\gradle\bin;D:\webServer\tools;%ANDROID_HOME%\platform-tools;E:\phantomjs-1.9.2-windows;G:\casperjs-1.1.4-1\casperjs-1.1.4-1\bin;C:\Program Files\Git\cmd;C:\Users\Administrator\AppData\Local\Programs\Python\Python35;C:\Users\Administrator\AppData\Local\Programs\Python\Python35\Scripts;D:\mysql5.5.59\bin;C:\Users\Administrator\AppData\Local\Microsoft\WindowsApps;C:\Users\Administrator\AppData\Roaming\npm;C:\Users\Administrator\AppData\Local\Programs\Fiddler;C:\Users\Administrator\AppData\Local\Microsoft\WindowsApps;D:\webServer\apache-maven-3.3.9\bin;
USERNAME=Administrator
OS=Windows_NT
PROCESSOR_IDENTIFIER=Intel64 Family 6 Model 60 Stepping 3, GenuineIntel



---------------  S Y S T E M  ---------------

OS: Windows 8.1 , 64 bit Build 9600 

CPU:total 4 (4 cores per cpu, 1 threads per core) family 6 model 60 stepping 3, cmov, cx8, fxsr, mmx, sse, sse2, sse3, ssse3, sse4.1, sse4.2, popcnt, avx, avx2, aes, clmul, erms, lzcnt, tsc, tscinvbit, bmi1, bmi2

Memory: 4k page, physical 8263696k(1746940k free), swap 12195980k(3516k free)

vm_info: Java HotSpot(TM) 64-Bit Server VM (25.20-b23) for windows-amd64 JRE (1.8.0_20-b26), built on Jul 30 2014 13:51:23 by "java_re" with MS VC++ 10.0 (VS2010)

time: Tue May 22 18:13:31 2018
elapsed time: 1 seconds (0d 0h 0m 1s)

